15:44:56.609 [main] INFO  utils.Log - Called method <waitForElementToBeClickable> on element with locator :By.linkText: My account
15:44:57.366 [main] INFO  utils.Log - called method <Click()> on element :<a href="https://keyfood.ro/my-account-2/">My account</a>
15:44:58.485 [main] INFO  utils.Log - Called method <waitForElementToBeVisible> on element with locator :By.id: username
15:44:58.547 [main] INFO  utils.Log - called clear on method <sendkeys> on element <input type="text" class="woocommerce-Input woocommerce-Input--text input-text" name="username" id="username" autocomplete="username" value="">
15:44:58.743 [main] INFO  utils.Log - called sendkeys on method <sendkeys> on element <input type="text" class="woocommerce-Input woocommerce-Input--text input-text" name="username" id="username" autocomplete="username" value="">
15:44:58.821 [main] INFO  utils.Log - Called method <waitForElementToBeVisible> on element with locator :By.id: password
15:44:58.884 [main] INFO  utils.Log - called clear on method <sendkeys> on element <input class="woocommerce-Input woocommerce-Input--text input-text" type="password" name="password" id="password" autocomplete="current-password">
15:44:58.930 [main] INFO  utils.Log - called sendkeys on method <sendkeys> on element <input class="woocommerce-Input woocommerce-Input--text input-text" type="password" name="password" id="password" autocomplete="current-password">
15:44:58.997 [main] INFO  utils.Log - Called method <waitForElementToBeClickable> on element with locator :By.cssSelector: button[name='login']
15:44:59.057 [main] INFO  utils.Log - called method <Click()> on element :<button type="submit" class="woocommerce-button button woocommerce-form-login__submit" name="login" value="Log in">Log in</button>
15:45:00.465 [main] INFO  utils.Log - Called method <waitForElementToBeClickable> on element with locator :By.cssSelector: div[class*='locked']
15:45:00.557 [main] INFO  utils.Log - called method <Click()> on element :<div class="all-categories locked">
		<a href="#" data-toggle="collapse" data-target="#all-categories">
			<i class="klbth-icon-menu-thin"></i>
			<span class="text">ALL CATEGORIES</span>
												
			<div class="description">TOTAL 63 PRODUCTS</div>
		</a>
		
				<div class="dropdown-categories collapse " id="all-categories" style="">
			<ul id="menu-sidebar-menu" class="menu-list"><li class="category-parent  menu-item menu-item-type-taxonomy menu-item-object-product_cat"><a href="https://keyfood.ro/product-category/fruits-vegetables/"><i class="klbth-icon-apple-juice"></i> Fruits &amp; Vegetables</a></li>
<li class="category-parent  menu-item menu-item-type-taxonomy menu-item-object-product_cat"><a href="https://keyfood.ro/product-category/meats-seafood/"><i class="klbth-icon-meat"></i> Meats &amp; Seafood</a></li>
<li class="category-parent  menu-item menu-item-type-taxonomy menu-item-object-product_cat"><a href="https://keyfood.ro/product-category/breakfast-dairy/"><i class="klbth-icon-boiled-egg"></i> Breakfast &amp; Dairy</a></li>
<li class="category-parent  menu-item menu-item-type-taxonomy menu-item-object-product_cat"><a href="https://keyfood.ro/product-category/beverages/"><i class="klbth-icon-cup"></i> Beverages</a></li>
<li class="category-parent  menu-item menu-item-type-taxonomy menu-item-object-product_cat"><a href="https://keyfood.ro/product-category/breads-bakery/"><i class="klbth-icon-biscuit"></i> Breads &amp; Bakery</a></li>
<li class="category-parent  menu-item menu-item-type-taxonomy menu-item-object-product_cat"><a href="https://keyfood.ro/product-category/frozen-foods/"><i class="klbth-icon-snowflake"></i> Frozen Foods</a></li>
<li class="category-parent  menu-item menu-item-type-taxonomy menu-item-object-product_cat"><a href="https://keyfood.ro/product-category/biscuits-snacks/"><i class="klbth-icon-candy"></i> Biscuits &amp; Snacks</a></li>
<li class="category-parent  menu-item menu-item-type-taxonomy menu-item-object-product_cat"><a href="https://keyfood.ro/product-category/grocery-staples/"><i class="klbth-icon-vegan"></i> Grocery &amp; Staples</a></li>
</ul>		</div>
		
	</div>
15:45:04.203 [main] INFO  utils.Log - Called method <waitForElementToBeClickable> on element with locator :By.xpath: //div[@class='product-actions']//a
15:45:04.294 [main] INFO  utils.Log - called method <Click()> on element :<a role="button" tabindex="0" aria-label="Add to Wishlist" class="tinvwl_add_to_wishlist_button tinvwl-icon-heart  tinvwl-position-after" data-tinv-wl-list="[]" data-tinv-wl-product="401" data-tinv-wl-productvariation="0" data-tinv-wl-productvariations="[0]" data-tinv-wl-producttype="simple" data-tinv-wl-action="add"><span class="tinvwl_add_to_wishlist-text">Add to Wishlist</span></a>
15:45:04.378 [main] INFO  utils.Log - Called method <waitForElementToBeClickable> on element with locator :By.cssSelector: button[class*='tinvwl_button_close']
15:45:04.702 [main] INFO  utils.Log - called method <Click()> on element :<button class="button tinvwl_button_close" type="button"><i class="ftinvwl ftinvwl-times"></i>Close					</button>
15:45:04.740 [main] INFO  utils.Log - Called method <waitForElementToBeClickable> on element with locator :By.cssSelector: div[class*='locked']
15:45:04.798 [main] INFO  utils.Log - called method <Click()> on element :<div class="all-categories locked">
		<a href="#" data-toggle="collapse" data-target="#all-categories">
			<i class="klbth-icon-menu-thin"></i>
			<span class="text">ALL CATEGORIES</span>
												
			<div class="description">TOTAL 63 PRODUCTS</div>
		</a>
		
				<div class="dropdown-categories collapse " id="all-categories" style="">
			<ul id="menu-sidebar-menu" class="menu-list"><li class="category-parent  menu-item menu-item-type-taxonomy menu-item-object-product_cat current-product-ancestor current-menu-parent current-product-parent"><a href="https://keyfood.ro/product-category/fruits-vegetables/"><i class="klbth-icon-apple-juice"></i> Fruits &amp; Vegetables</a></li>
<li class="category-parent  menu-item menu-item-type-taxonomy menu-item-object-product_cat"><a href="https://keyfood.ro/product-category/meats-seafood/"><i class="klbth-icon-meat"></i> Meats &amp; Seafood</a></li>
<li class="category-parent  menu-item menu-item-type-taxonomy menu-item-object-product_cat"><a href="https://keyfood.ro/product-category/breakfast-dairy/"><i class="klbth-icon-boiled-egg"></i> Breakfast &amp; Dairy</a></li>
<li class="category-parent  menu-item menu-item-type-taxonomy menu-item-object-product_cat"><a href="https://keyfood.ro/product-category/beverages/"><i class="klbth-icon-cup"></i> Beverages</a></li>
<li class="category-parent  menu-item menu-item-type-taxonomy menu-item-object-product_cat"><a href="https://keyfood.ro/product-category/breads-bakery/"><i class="klbth-icon-biscuit"></i> Breads &amp; Bakery</a></li>
<li class="category-parent  menu-item menu-item-type-taxonomy menu-item-object-product_cat"><a href="https://keyfood.ro/product-category/frozen-foods/"><i class="klbth-icon-snowflake"></i> Frozen Foods</a></li>
<li class="category-parent  menu-item menu-item-type-taxonomy menu-item-object-product_cat"><a href="https://keyfood.ro/product-category/biscuits-snacks/"><i class="klbth-icon-candy"></i> Biscuits &amp; Snacks</a></li>
<li class="category-parent  menu-item menu-item-type-taxonomy menu-item-object-product_cat"><a href="https://keyfood.ro/product-category/grocery-staples/"><i class="klbth-icon-vegan"></i> Grocery &amp; Staples</a></li>
</ul>		</div>
		
	</div>
15:45:06.856 [main] INFO  utils.Log - Called method <waitForElementToBeClickable> on element with locator :By.xpath: //div[@class='product-actions']//a
15:45:06.940 [main] INFO  utils.Log - called method <Click()> on element :<a role="button" tabindex="0" aria-label="Add to Wishlist" class="tinvwl_add_to_wishlist_button tinvwl-icon-heart  tinvwl-position-after" data-tinv-wl-list="[]" data-tinv-wl-product="221" data-tinv-wl-productvariation="0" data-tinv-wl-productvariations="[0]" data-tinv-wl-producttype="simple" data-tinv-wl-action="add"><span class="tinvwl_add_to_wishlist-text">Add to Wishlist</span></a>
15:45:07.007 [main] INFO  utils.Log - Called method <waitForElementToBeClickable> on element with locator :By.cssSelector: button[class*='tinvwl_button_close']
15:45:07.394 [main] INFO  utils.Log - called method <Click()> on element :<button class="button tinvwl_button_close" type="button"><i class="ftinvwl ftinvwl-times"></i>Close					</button>
15:45:07.439 [main] INFO  utils.Log - Called method <waitForElementToBeClickable> on element with locator :By.cssSelector: div[class*='locked']
15:45:07.504 [main] INFO  utils.Log - called method <Click()> on element :<div class="all-categories locked">
		<a href="#" data-toggle="collapse" data-target="#all-categories">
			<i class="klbth-icon-menu-thin"></i>
			<span class="text">ALL CATEGORIES</span>
												
			<div class="description">TOTAL 63 PRODUCTS</div>
		</a>
		
				<div class="dropdown-categories collapse " id="all-categories" style="">
			<ul id="menu-sidebar-menu" class="menu-list"><li class="category-parent  menu-item menu-item-type-taxonomy menu-item-object-product_cat"><a href="https://keyfood.ro/product-category/fruits-vegetables/"><i class="klbth-icon-apple-juice"></i> Fruits &amp; Vegetables</a></li>
<li class="category-parent  menu-item menu-item-type-taxonomy menu-item-object-product_cat"><a href="https://keyfood.ro/product-category/meats-seafood/"><i class="klbth-icon-meat"></i> Meats &amp; Seafood</a></li>
<li class="category-parent  menu-item menu-item-type-taxonomy menu-item-object-product_cat current-product-ancestor current-menu-parent current-product-parent"><a href="https://keyfood.ro/product-category/breakfast-dairy/"><i class="klbth-icon-boiled-egg"></i> Breakfast &amp; Dairy</a></li>
<li class="category-parent  menu-item menu-item-type-taxonomy menu-item-object-product_cat"><a href="https://keyfood.ro/product-category/beverages/"><i class="klbth-icon-cup"></i> Beverages</a></li>
<li class="category-parent  menu-item menu-item-type-taxonomy menu-item-object-product_cat"><a href="https://keyfood.ro/product-category/breads-bakery/"><i class="klbth-icon-biscuit"></i> Breads &amp; Bakery</a></li>
<li class="category-parent  menu-item menu-item-type-taxonomy menu-item-object-product_cat"><a href="https://keyfood.ro/product-category/frozen-foods/"><i class="klbth-icon-snowflake"></i> Frozen Foods</a></li>
<li class="category-parent  menu-item menu-item-type-taxonomy menu-item-object-product_cat"><a href="https://keyfood.ro/product-category/biscuits-snacks/"><i class="klbth-icon-candy"></i> Biscuits &amp; Snacks</a></li>
<li class="category-parent  menu-item menu-item-type-taxonomy menu-item-object-product_cat"><a href="https://keyfood.ro/product-category/grocery-staples/"><i class="klbth-icon-vegan"></i> Grocery &amp; Staples</a></li>
</ul>		</div>
		
	</div>
15:45:09.553 [main] INFO  utils.Log - Called method <waitForElementToBeClickable> on element with locator :By.xpath: //div[@class='product-actions']//a
15:45:09.624 [main] INFO  utils.Log - called method <Click()> on element :<a role="button" tabindex="0" aria-label="Add to Wishlist" class="tinvwl_add_to_wishlist_button tinvwl-icon-heart  tinvwl-position-after" data-tinv-wl-list="[]" data-tinv-wl-product="266" data-tinv-wl-productvariation="0" data-tinv-wl-productvariations="[0]" data-tinv-wl-producttype="simple" data-tinv-wl-action="add"><span class="tinvwl_add_to_wishlist-text">Add to Wishlist</span></a>
15:45:09.687 [main] INFO  utils.Log - Called method <waitForElementToBeClickable> on element with locator :By.cssSelector: button[class*='tinvwl_button_close']
15:45:10.025 [main] INFO  utils.Log - called method <Click()> on element :<button class="button tinvwl_button_close" type="button"><i class="ftinvwl ftinvwl-times"></i>Close					</button>
15:45:10.074 [main] INFO  utils.Log - Called method <waitForElementToBeClickable> on element with locator :By.cssSelector: div[class*='locked']
15:45:10.135 [main] INFO  utils.Log - called method <Click()> on element :<div class="all-categories locked">
		<a href="#" data-toggle="collapse" data-target="#all-categories">
			<i class="klbth-icon-menu-thin"></i>
			<span class="text">ALL CATEGORIES</span>
												
			<div class="description">TOTAL 63 PRODUCTS</div>
		</a>
		
				<div class="dropdown-categories collapse " id="all-categories" style="">
			<ul id="menu-sidebar-menu" class="menu-list"><li class="category-parent  menu-item menu-item-type-taxonomy menu-item-object-product_cat"><a href="https://keyfood.ro/product-category/fruits-vegetables/"><i class="klbth-icon-apple-juice"></i> Fruits &amp; Vegetables</a></li>
<li class="category-parent  menu-item menu-item-type-taxonomy menu-item-object-product_cat"><a href="https://keyfood.ro/product-category/meats-seafood/"><i class="klbth-icon-meat"></i> Meats &amp; Seafood</a></li>
<li class="category-parent  menu-item menu-item-type-taxonomy menu-item-object-product_cat"><a href="https://keyfood.ro/product-category/breakfast-dairy/"><i class="klbth-icon-boiled-egg"></i> Breakfast &amp; Dairy</a></li>
<li class="category-parent  menu-item menu-item-type-taxonomy menu-item-object-product_cat"><a href="https://keyfood.ro/product-category/beverages/"><i class="klbth-icon-cup"></i> Beverages</a></li>
<li class="category-parent  menu-item menu-item-type-taxonomy menu-item-object-product_cat"><a href="https://keyfood.ro/product-category/breads-bakery/"><i class="klbth-icon-biscuit"></i> Breads &amp; Bakery</a></li>
<li class="category-parent  menu-item menu-item-type-taxonomy menu-item-object-product_cat"><a href="https://keyfood.ro/product-category/frozen-foods/"><i class="klbth-icon-snowflake"></i> Frozen Foods</a></li>
<li class="category-parent  menu-item menu-item-type-taxonomy menu-item-object-product_cat current-product-ancestor current-menu-parent current-product-parent"><a href="https://keyfood.ro/product-category/biscuits-snacks/"><i class="klbth-icon-candy"></i> Biscuits &amp; Snacks</a></li>
<li class="category-parent  menu-item menu-item-type-taxonomy menu-item-object-product_cat"><a href="https://keyfood.ro/product-category/grocery-staples/"><i class="klbth-icon-vegan"></i> Grocery &amp; Staples</a></li>
</ul>		</div>
		
	</div>
15:45:12.199 [main] INFO  utils.Log - Called method <waitForElementToBeClickable> on element with locator :By.xpath: //div[@class='product-actions']//a
15:45:12.272 [main] INFO  utils.Log - called method <Click()> on element :<a role="button" tabindex="0" aria-label="Add to Wishlist" class="tinvwl_add_to_wishlist_button tinvwl-icon-heart  tinvwl-position-after" data-tinv-wl-list="[]" data-tinv-wl-product="196" data-tinv-wl-productvariation="0" data-tinv-wl-productvariations="[0]" data-tinv-wl-producttype="external" data-tinv-wl-action="add"><span class="tinvwl_add_to_wishlist-text">Add to Wishlist</span></a>
15:45:12.347 [main] INFO  utils.Log - Called method <waitForElementToBeClickable> on element with locator :By.cssSelector: button[class*='tinvwl_button_close']
15:45:12.632 [main] INFO  utils.Log - called method <Click()> on element :<button class="button tinvwl_button_close" type="button"><i class="ftinvwl ftinvwl-times"></i>Close					</button>
15:45:12.674 [main] INFO  utils.Log - Called method <waitForElementToBeClickable> on element with locator :By.linkText: Wishlist
15:45:12.772 [main] INFO  utils.Log - called method <Click()> on element :<a href="https://keyfood.ro/wishlist/">Wishlist</a>
15:45:14.449 [main] INFO  utils.Log - Called method <waitForElementToBeClickable> on element with locator :By.cssSelector: th input[type='checkbox']
15:45:14.509 [main] INFO  utils.Log - called method <Click()> on element :<input type="checkbox" class="global-cb" title="Select all for bulk action">
15:45:14.569 [main] INFO  utils.Log - Called method <waitForElementToBeVisible> on element with locator :By.cssSelector: select[name='product_actions']
15:45:14.808 [main] INFO  utils.Log - called select on method <dropdownSelect> on element <select name="product_actions" id="tinvwl_product_actions" class="tinvwl-break-input-filed form-control"><option value="" selected="selected">Actions</option><option value="add_selected">Add to Cart</option><option value="remove">Remove</option></select>
15:45:16.009 [main] INFO  utils.Log - Called method <waitForElementToBeClickable> on element with locator :By.cssSelector: span button[name='tinvwl-action']
15:45:16.073 [main] INFO  utils.Log - called method <Click()> on element :<button type="submit" class="button tinvwl-break-input tinvwl-break-checkbox" name="tinvwl-action" value="product_apply" title="Apply Action">Apply <span class="tinvwl-mobile">Action</span></button>
15:45:16.958 [main] INFO  utils.Log - Called method <waitForElementToBeVisible> on element with locator :By.xpath: //div[contains(@class, 'header-cart')]//span[@class='cart-count-icon']
